{"C:\\Users\\Mindsalad\\repos\\cf9-backend\\src\\controllers\\user.controller.ts": {"path":"C:\\Users\\Mindsalad\\repos\\cf9-backend\\src\\controllers\\user.controller.ts","statementMap":{"0":{"start":{"line":2,"column":0},"end":{"line":2,"column":56}},"1":{"start":{"line":5,"column":27},"end":{"line":13,"column":1}},"2":{"start":{"line":6,"column":4},"end":{"line":12,"column":5}},"3":{"start":{"line":7,"column":23},"end":{"line":7,"column":55}},"4":{"start":{"line":8,"column":8},"end":{"line":8,"column":37}},"5":{"start":{"line":10,"column":8},"end":{"line":10,"column":20}},"6":{"start":{"line":5,"column":13},"end":{"line":5,"column":27}},"7":{"start":{"line":15,"column":29},"end":{"line":26,"column":1}},"8":{"start":{"line":16,"column":4},"end":{"line":25,"column":5}},"9":{"start":{"line":17,"column":22},"end":{"line":17,"column":48}},"10":{"start":{"line":18,"column":23},"end":{"line":18,"column":63}},"11":{"start":{"line":19,"column":8},"end":{"line":21,"column":9}},"12":{"start":{"line":20,"column":12},"end":{"line":20,"column":71}},"13":{"start":{"line":22,"column":8},"end":{"line":22,"column":37}},"14":{"start":{"line":24,"column":8},"end":{"line":24,"column":20}},"15":{"start":{"line":15,"column":13},"end":{"line":15,"column":29}},"16":{"start":{"line":28,"column":22},"end":{"line":35,"column":1}},"17":{"start":{"line":29,"column":4},"end":{"line":34,"column":5}},"18":{"start":{"line":30,"column":21},"end":{"line":30,"column":59}},"19":{"start":{"line":31,"column":8},"end":{"line":31,"column":57}},"20":{"start":{"line":33,"column":8},"end":{"line":33,"column":20}},"21":{"start":{"line":28,"column":13},"end":{"line":28,"column":22}},"22":{"start":{"line":37,"column":22},"end":{"line":49,"column":1}},"23":{"start":{"line":38,"column":4},"end":{"line":48,"column":5}},"24":{"start":{"line":39,"column":32},"end":{"line":39,"column":61}},"25":{"start":{"line":40,"column":36},"end":{"line":40,"column":44}},"26":{"start":{"line":41,"column":23},"end":{"line":41,"column":67}},"27":{"start":{"line":42,"column":8},"end":{"line":44,"column":9}},"28":{"start":{"line":43,"column":12},"end":{"line":43,"column":78}},"29":{"start":{"line":45,"column":8},"end":{"line":45,"column":37}},"30":{"start":{"line":47,"column":8},"end":{"line":47,"column":20}},"31":{"start":{"line":37,"column":13},"end":{"line":37,"column":22}}},"fnMap":{"0":{"name":"(anonymous_9)","decl":{"start":{"line":5,"column":27},"end":{"line":5,"column":32}},"loc":{"start":{"line":5,"column":84},"end":{"line":13,"column":1}}},"1":{"name":"(anonymous_10)","decl":{"start":{"line":15,"column":29},"end":{"line":15,"column":34}},"loc":{"start":{"line":15,"column":86},"end":{"line":26,"column":1}}},"2":{"name":"(anonymous_11)","decl":{"start":{"line":28,"column":22},"end":{"line":28,"column":27}},"loc":{"start":{"line":28,"column":78},"end":{"line":35,"column":1}}},"3":{"name":"(anonymous_12)","decl":{"start":{"line":37,"column":22},"end":{"line":37,"column":27}},"loc":{"start":{"line":37,"column":78},"end":{"line":49,"column":1}}}},"branchMap":{"0":{"loc":{"start":{"line":19,"column":8},"end":{"line":21,"column":9}},"type":"if","locations":[{"start":{"line":19,"column":8},"end":{"line":21,"column":9}},{"start":{},"end":{}}]},"1":{"loc":{"start":{"line":42,"column":8},"end":{"line":44,"column":9}},"type":"if","locations":[{"start":{"line":42,"column":8},"end":{"line":44,"column":9}},{"start":{},"end":{}}]}},"s":{"0":1,"1":1,"2":1,"3":1,"4":1,"5":0,"6":1,"7":1,"8":0,"9":0,"10":0,"11":0,"12":0,"13":0,"14":0,"15":1,"16":1,"17":2,"18":2,"19":1,"20":1,"21":1,"22":1,"23":0,"24":0,"25":0,"26":0,"27":0,"28":0,"29":0,"30":0,"31":1},"f":{"0":1,"1":0,"2":2,"3":0},"b":{"0":[0,0],"1":[0,0]}}
,"C:\\Users\\Mindsalad\\repos\\cf9-backend\\src\\dao\\user.dao.ts": {"path":"C:\\Users\\Mindsalad\\repos\\cf9-backend\\src\\dao\\user.dao.ts","statementMap":{"0":{"start":{"line":1,"column":0},"end":{"line":1,"column":49}},"1":{"start":{"line":3,"column":28},"end":{"line":5,"column":1}},"2":{"start":{"line":4,"column":4},"end":{"line":4,"column":61}},"3":{"start":{"line":3,"column":13},"end":{"line":3,"column":28}},"4":{"start":{"line":7,"column":27},"end":{"line":9,"column":1}},"5":{"start":{"line":8,"column":4},"end":{"line":8,"column":80}},"6":{"start":{"line":7,"column":13},"end":{"line":7,"column":27}},"7":{"start":{"line":11,"column":26},"end":{"line":14,"column":1}},"8":{"start":{"line":12,"column":17},"end":{"line":12,"column":31}},"9":{"start":{"line":13,"column":4},"end":{"line":13,"column":29}},"10":{"start":{"line":11,"column":13},"end":{"line":11,"column":26}},"11":{"start":{"line":16,"column":26},"end":{"line":18,"column":1}},"12":{"start":{"line":17,"column":4},"end":{"line":17,"column":115}},"13":{"start":{"line":16,"column":13},"end":{"line":16,"column":26}}},"fnMap":{"0":{"name":"(anonymous_1)","decl":{"start":{"line":3,"column":28},"end":{"line":3,"column":33}},"loc":{"start":{"line":3,"column":57},"end":{"line":5,"column":1}}},"1":{"name":"(anonymous_2)","decl":{"start":{"line":7,"column":27},"end":{"line":7,"column":32}},"loc":{"start":{"line":7,"column":74},"end":{"line":9,"column":1}}},"2":{"name":"(anonymous_3)","decl":{"start":{"line":11,"column":26},"end":{"line":11,"column":31}},"loc":{"start":{"line":11,"column":73},"end":{"line":14,"column":1}}},"3":{"name":"(anonymous_4)","decl":{"start":{"line":16,"column":26},"end":{"line":16,"column":31}},"loc":{"start":{"line":16,"column":101},"end":{"line":18,"column":1}}}},"branchMap":{},"s":{"0":1,"1":1,"2":1,"3":1,"4":1,"5":0,"6":1,"7":1,"8":2,"9":2,"10":1,"11":1,"12":0,"13":1},"f":{"0":1,"1":0,"2":2,"3":0},"b":{}}
,"C:\\Users\\Mindsalad\\repos\\cf9-backend\\src\\middlewares\\auth.middleware.ts": {"path":"C:\\Users\\Mindsalad\\repos\\cf9-backend\\src\\middlewares\\auth.middleware.ts","statementMap":{"0":{"start":{"line":2,"column":0},"end":{"line":2,"column":47}},"1":{"start":{"line":3,"column":0},"end":{"line":3,"column":28}},"2":{"start":{"line":5,"column":0},"end":{"line":5,"column":16}},"3":{"start":{"line":15,"column":19},"end":{"line":15,"column":54}},"4":{"start":{"line":17,"column":28},"end":{"line":40,"column":1}},"5":{"start":{"line":18,"column":19},"end":{"line":18,"column":44}},"6":{"start":{"line":19,"column":4},"end":{"line":21,"column":5}},"7":{"start":{"line":20,"column":8},"end":{"line":20,"column":92}},"8":{"start":{"line":24,"column":18},"end":{"line":24,"column":38}},"9":{"start":{"line":27,"column":4},"end":{"line":29,"column":5}},"10":{"start":{"line":28,"column":8},"end":{"line":28,"column":66}},"11":{"start":{"line":31,"column":4},"end":{"line":39,"column":5}},"12":{"start":{"line":32,"column":24},"end":{"line":32,"column":53}},"13":{"start":{"line":34,"column":8},"end":{"line":34,"column":27}},"14":{"start":{"line":35,"column":8},"end":{"line":35,"column":45}},"15":{"start":{"line":36,"column":8},"end":{"line":36,"column":15}},"16":{"start":{"line":38,"column":8},"end":{"line":38,"column":66}},"17":{"start":{"line":17,"column":13},"end":{"line":17,"column":28}}},"fnMap":{"0":{"name":"(anonymous_1)","decl":{"start":{"line":17,"column":28},"end":{"line":17,"column":29}},"loc":{"start":{"line":17,"column":80},"end":{"line":40,"column":1}}}},"branchMap":{"0":{"loc":{"start":{"line":15,"column":19},"end":{"line":15,"column":54}},"type":"binary-expr","locations":[{"start":{"line":15,"column":19},"end":{"line":15,"column":41}},{"start":{"line":15,"column":45},"end":{"line":15,"column":54}}]},"1":{"loc":{"start":{"line":19,"column":4},"end":{"line":21,"column":5}},"type":"if","locations":[{"start":{"line":19,"column":4},"end":{"line":21,"column":5}},{"start":{},"end":{}}]},"2":{"loc":{"start":{"line":19,"column":7},"end":{"line":19,"column":47}},"type":"binary-expr","locations":[{"start":{"line":19,"column":7},"end":{"line":19,"column":14}},{"start":{"line":19,"column":18},"end":{"line":19,"column":47}}]},"3":{"loc":{"start":{"line":27,"column":4},"end":{"line":29,"column":5}},"type":"if","locations":[{"start":{"line":27,"column":4},"end":{"line":29,"column":5}},{"start":{},"end":{}}]}},"s":{"0":1,"1":1,"2":1,"3":1,"4":1,"5":4,"6":4,"7":0,"8":4,"9":4,"10":0,"11":4,"12":4,"13":4,"14":4,"15":4,"16":0,"17":1},"f":{"0":4},"b":{"0":[1,0],"1":[0,4],"2":[4,4],"3":[0,4]}}
,"C:\\Users\\Mindsalad\\repos\\cf9-backend\\src\\middlewares\\user.middleware.ts": {"path":"C:\\Users\\Mindsalad\\repos\\cf9-backend\\src\\middlewares\\user.middleware.ts","statementMap":{"0":{"start":{"line":3,"column":29},"end":{"line":13,"column":1}},"1":{"start":{"line":4,"column":4},"end":{"line":12,"column":5}},"2":{"start":{"line":5,"column":32},"end":{"line":5,"column":98}},"3":{"start":{"line":5,"column":66},"end":{"line":5,"column":97}},"4":{"start":{"line":6,"column":8},"end":{"line":8,"column":9}},"5":{"start":{"line":7,"column":12},"end":{"line":7,"column":66}},"6":{"start":{"line":9,"column":8},"end":{"line":9,"column":15}},"7":{"start":{"line":11,"column":8},"end":{"line":11,"column":70}},"8":{"start":{"line":3,"column":13},"end":{"line":3,"column":29}}},"fnMap":{"0":{"name":"(anonymous_0)","decl":{"start":{"line":3,"column":29},"end":{"line":3,"column":30}},"loc":{"start":{"line":3,"column":81},"end":{"line":13,"column":1}}},"1":{"name":"(anonymous_1)","decl":{"start":{"line":5,"column":53},"end":{"line":5,"column":54}},"loc":{"start":{"line":5,"column":66},"end":{"line":5,"column":97}}}},"branchMap":{"0":{"loc":{"start":{"line":5,"column":66},"end":{"line":5,"column":97}},"type":"binary-expr","locations":[{"start":{"line":5,"column":66},"end":{"line":5,"column":85}},{"start":{"line":5,"column":89},"end":{"line":5,"column":97}}]},"1":{"loc":{"start":{"line":6,"column":8},"end":{"line":8,"column":9}},"type":"if","locations":[{"start":{"line":6,"column":8},"end":{"line":8,"column":9}},{"start":{},"end":{}}]}},"s":{"0":1,"1":4,"2":4,"3":4,"4":4,"5":0,"6":4,"7":0,"8":1},"f":{"0":4,"1":4},"b":{"0":[4,4],"1":[0,4]}}
,"C:\\Users\\Mindsalad\\repos\\cf9-backend\\src\\middlewares\\validate.middleware.ts": {"path":"C:\\Users\\Mindsalad\\repos\\cf9-backend\\src\\middlewares\\validate.middleware.ts","statementMap":{"0":{"start":{"line":5,"column":24},"end":{"line":18,"column":5}},"1":{"start":{"line":6,"column":4},"end":{"line":18,"column":5}},"2":{"start":{"line":7,"column":8},"end":{"line":17,"column":9}},"3":{"start":{"line":8,"column":31},"end":{"line":12,"column":14}},"4":{"start":{"line":13,"column":12},"end":{"line":13,"column":42}},"5":{"start":{"line":14,"column":12},"end":{"line":14,"column":19}},"6":{"start":{"line":16,"column":12},"end":{"line":16,"column":117}},"7":{"start":{"line":5,"column":13},"end":{"line":5,"column":24}}},"fnMap":{"0":{"name":"(anonymous_0)","decl":{"start":{"line":5,"column":24},"end":{"line":5,"column":25}},"loc":{"start":{"line":6,"column":4},"end":{"line":18,"column":5}}},"1":{"name":"(anonymous_1)","decl":{"start":{"line":6,"column":4},"end":{"line":6,"column":5}},"loc":{"start":{"line":6,"column":55},"end":{"line":18,"column":5}}}},"branchMap":{"0":{"loc":{"start":{"line":16,"column":79},"end":{"line":16,"column":114}},"type":"binary-expr","locations":[{"start":{"line":16,"column":79},"end":{"line":16,"column":92}},{"start":{"line":16,"column":96},"end":{"line":16,"column":114}}]}},"s":{"0":1,"1":1,"2":4,"3":4,"4":4,"5":2,"6":2,"7":1},"f":{"0":1,"1":4},"b":{"0":[2,2]}}
,"C:\\Users\\Mindsalad\\repos\\cf9-backend\\src\\models\\role.model.ts": {"path":"C:\\Users\\Mindsalad\\repos\\cf9-backend\\src\\models\\role.model.ts","statementMap":{"0":{"start":{"line":1,"column":0},"end":{"line":1,"column":56}},"1":{"start":{"line":10,"column":19},"end":{"line":17,"column":2}},"2":{"start":{"line":19,"column":0},"end":{"line":19,"column":48}}},"fnMap":{},"branchMap":{},"s":{"0":1,"1":1,"2":1},"f":{},"b":{}}
,"C:\\Users\\Mindsalad\\repos\\cf9-backend\\src\\models\\user.model.ts": {"path":"C:\\Users\\Mindsalad\\repos\\cf9-backend\\src\\models\\user.model.ts","statementMap":{"0":{"start":{"line":1,"column":0},"end":{"line":1,"column":59}},"1":{"start":{"line":26,"column":20},"end":{"line":29,"column":2}},"2":{"start":{"line":31,"column":22},"end":{"line":37,"column":2}},"3":{"start":{"line":39,"column":19},"end":{"line":56,"column":2}},"4":{"start":{"line":58,"column":0},"end":{"line":58,"column":48}}},"fnMap":{},"branchMap":{},"s":{"0":1,"1":1,"2":1,"3":1,"4":1},"f":{},"b":{}}
,"C:\\Users\\Mindsalad\\repos\\cf9-backend\\src\\routes\\user.routes.ts": {"path":"C:\\Users\\Mindsalad\\repos\\cf9-backend\\src\\routes\\user.routes.ts","statementMap":{"0":{"start":{"line":1,"column":0},"end":{"line":1,"column":33}},"1":{"start":{"line":2,"column":0},"end":{"line":2,"column":65}},"2":{"start":{"line":3,"column":0},"end":{"line":3,"column":62}},"3":{"start":{"line":4,"column":0},"end":{"line":4,"column":63}},"4":{"start":{"line":5,"column":0},"end":{"line":5,"column":62}},"5":{"start":{"line":6,"column":0},"end":{"line":6,"column":82}},"6":{"start":{"line":8,"column":15},"end":{"line":8,"column":23}},"7":{"start":{"line":20,"column":0},"end":{"line":20,"column":44}},"8":{"start":{"line":41,"column":0},"end":{"line":41,"column":58}},"9":{"start":{"line":73,"column":0},"end":{"line":73,"column":97}},"10":{"start":{"line":74,"column":0},"end":{"line":74,"column":48}},"11":{"start":{"line":78,"column":0},"end":{"line":78,"column":22}}},"fnMap":{},"branchMap":{},"s":{"0":1,"1":1,"2":1,"3":1,"4":1,"5":1,"6":1,"7":1,"8":1,"9":1,"10":1,"11":1},"f":{},"b":{}}
,"C:\\Users\\Mindsalad\\repos\\cf9-backend\\src\\services\\user.service.ts": {"path":"C:\\Users\\Mindsalad\\repos\\cf9-backend\\src\\services\\user.service.ts","statementMap":{"0":{"start":{"line":2,"column":0},"end":{"line":2,"column":49}},"1":{"start":{"line":3,"column":0},"end":{"line":3,"column":28}},"2":{"start":{"line":5,"column":0},"end":{"line":5,"column":31}},"3":{"start":{"line":7,"column":0},"end":{"line":7,"column":43}},"4":{"start":{"line":9,"column":13},"end":{"line":9,"column":69}},"5":{"start":{"line":11,"column":28},"end":{"line":14,"column":1}},"6":{"start":{"line":12,"column":18},"end":{"line":12,"column":46}},"7":{"start":{"line":13,"column":4},"end":{"line":13,"column":17}},"8":{"start":{"line":11,"column":13},"end":{"line":11,"column":28}},"9":{"start":{"line":16,"column":31},"end":{"line":21,"column":1}},"10":{"start":{"line":17,"column":17},"end":{"line":17,"column":49}},"11":{"start":{"line":18,"column":4},"end":{"line":20,"column":5}},"12":{"start":{"line":19,"column":8},"end":{"line":19,"column":20}},"13":{"start":{"line":16,"column":13},"end":{"line":16,"column":31}},"14":{"start":{"line":23,"column":26},"end":{"line":44,"column":1}},"15":{"start":{"line":24,"column":4},"end":{"line":27,"column":5}},"16":{"start":{"line":25,"column":21},"end":{"line":25,"column":69}},"17":{"start":{"line":26,"column":8},"end":{"line":26,"column":32}},"18":{"start":{"line":29,"column":36},"end":{"line":29,"column":38}},"19":{"start":{"line":30,"column":4},"end":{"line":38,"column":5}},"20":{"start":{"line":31,"column":8},"end":{"line":31,"column":66}},"21":{"start":{"line":31,"column":42},"end":{"line":31,"column":64}},"22":{"start":{"line":33,"column":34},"end":{"line":33,"column":72}},"23":{"start":{"line":34,"column":8},"end":{"line":36,"column":9}},"24":{"start":{"line":35,"column":12},"end":{"line":35,"column":116}},"25":{"start":{"line":37,"column":8},"end":{"line":37,"column":31}},"26":{"start":{"line":42,"column":17},"end":{"line":42,"column":73}},"27":{"start":{"line":43,"column":4},"end":{"line":43,"column":16}},"28":{"start":{"line":23,"column":13},"end":{"line":23,"column":26}},"29":{"start":{"line":46,"column":26},"end":{"line":63,"column":1}},"30":{"start":{"line":47,"column":39},"end":{"line":47,"column":41}},"31":{"start":{"line":49,"column":4},"end":{"line":49,"column":79}},"32":{"start":{"line":49,"column":38},"end":{"line":49,"column":79}},"33":{"start":{"line":50,"column":4},"end":{"line":50,"column":76}},"34":{"start":{"line":50,"column":37},"end":{"line":50,"column":76}},"35":{"start":{"line":51,"column":4},"end":{"line":54,"column":5}},"36":{"start":{"line":52,"column":21},"end":{"line":52,"column":69}},"37":{"start":{"line":53,"column":8},"end":{"line":53,"column":35}},"38":{"start":{"line":55,"column":4},"end":{"line":55,"column":73}},"39":{"start":{"line":55,"column":36},"end":{"line":55,"column":73}},"40":{"start":{"line":56,"column":4},"end":{"line":56,"column":67}},"41":{"start":{"line":56,"column":34},"end":{"line":56,"column":67}},"42":{"start":{"line":57,"column":4},"end":{"line":59,"column":5}},"43":{"start":{"line":58,"column":8},"end":{"line":58,"column":75}},"44":{"start":{"line":58,"column":51},"end":{"line":58,"column":73}},"45":{"start":{"line":61,"column":17},"end":{"line":61,"column":63}},"46":{"start":{"line":62,"column":4},"end":{"line":62,"column":16}},"47":{"start":{"line":46,"column":13},"end":{"line":46,"column":26}}},"fnMap":{"0":{"name":"(anonymous_10)","decl":{"start":{"line":11,"column":28},"end":{"line":11,"column":33}},"loc":{"start":{"line":11,"column":39},"end":{"line":14,"column":1}}},"1":{"name":"(anonymous_11)","decl":{"start":{"line":16,"column":31},"end":{"line":16,"column":36}},"loc":{"start":{"line":16,"column":55},"end":{"line":21,"column":1}}},"2":{"name":"(anonymous_12)","decl":{"start":{"line":23,"column":26},"end":{"line":23,"column":31}},"loc":{"start":{"line":23,"column":58},"end":{"line":44,"column":1}}},"3":{"name":"(anonymous_13)","decl":{"start":{"line":31,"column":36},"end":{"line":31,"column":38}},"loc":{"start":{"line":31,"column":42},"end":{"line":31,"column":64}}},"4":{"name":"(anonymous_14)","decl":{"start":{"line":46,"column":26},"end":{"line":46,"column":31}},"loc":{"start":{"line":46,"column":76},"end":{"line":63,"column":1}}},"5":{"name":"(anonymous_15)","decl":{"start":{"line":58,"column":45},"end":{"line":58,"column":47}},"loc":{"start":{"line":58,"column":51},"end":{"line":58,"column":73}}}},"branchMap":{"0":{"loc":{"start":{"line":9,"column":36},"end":{"line":9,"column":67}},"type":"binary-expr","locations":[{"start":{"line":9,"column":36},"end":{"line":9,"column":59}},{"start":{"line":9,"column":63},"end":{"line":9,"column":67}}]},"1":{"loc":{"start":{"line":18,"column":4},"end":{"line":20,"column":5}},"type":"if","locations":[{"start":{"line":18,"column":4},"end":{"line":20,"column":5}},{"start":{},"end":{}}]},"2":{"loc":{"start":{"line":24,"column":4},"end":{"line":27,"column":5}},"type":"if","locations":[{"start":{"line":24,"column":4},"end":{"line":27,"column":5}},{"start":{},"end":{}}]},"3":{"loc":{"start":{"line":30,"column":4},"end":{"line":38,"column":5}},"type":"if","locations":[{"start":{"line":30,"column":4},"end":{"line":38,"column":5}},{"start":{"line":32,"column":11},"end":{"line":38,"column":5}}]},"4":{"loc":{"start":{"line":30,"column":7},"end":{"line":30,"column":48}},"type":"binary-expr","locations":[{"start":{"line":30,"column":7},"end":{"line":30,"column":20}},{"start":{"line":30,"column":24},"end":{"line":30,"column":48}}]},"5":{"loc":{"start":{"line":34,"column":8},"end":{"line":36,"column":9}},"type":"if","locations":[{"start":{"line":34,"column":8},"end":{"line":36,"column":9}},{"start":{},"end":{}}]},"6":{"loc":{"start":{"line":49,"column":4},"end":{"line":49,"column":79}},"type":"if","locations":[{"start":{"line":49,"column":4},"end":{"line":49,"column":79}},{"start":{},"end":{}}]},"7":{"loc":{"start":{"line":50,"column":4},"end":{"line":50,"column":76}},"type":"if","locations":[{"start":{"line":50,"column":4},"end":{"line":50,"column":76}},{"start":{},"end":{}}]},"8":{"loc":{"start":{"line":51,"column":4},"end":{"line":54,"column":5}},"type":"if","locations":[{"start":{"line":51,"column":4},"end":{"line":54,"column":5}},{"start":{},"end":{}}]},"9":{"loc":{"start":{"line":55,"column":4},"end":{"line":55,"column":73}},"type":"if","locations":[{"start":{"line":55,"column":4},"end":{"line":55,"column":73}},{"start":{},"end":{}}]},"10":{"loc":{"start":{"line":56,"column":4},"end":{"line":56,"column":67}},"type":"if","locations":[{"start":{"line":56,"column":4},"end":{"line":56,"column":67}},{"start":{},"end":{}}]},"11":{"loc":{"start":{"line":57,"column":4},"end":{"line":59,"column":5}},"type":"if","locations":[{"start":{"line":57,"column":4},"end":{"line":59,"column":5}},{"start":{},"end":{}}]}},"s":{"0":1,"1":1,"2":1,"3":1,"4":1,"5":1,"6":1,"7":1,"8":1,"9":1,"10":0,"11":0,"12":0,"13":1,"14":1,"15":2,"16":2,"17":2,"18":2,"19":2,"20":0,"21":0,"22":2,"23":2,"24":1,"25":2,"26":2,"27":1,"28":1,"29":1,"30":0,"31":0,"32":0,"33":0,"34":0,"35":0,"36":0,"37":0,"38":0,"39":0,"40":0,"41":0,"42":0,"43":0,"44":0,"45":0,"46":0,"47":1},"f":{"0":1,"1":0,"2":2,"3":0,"4":0,"5":0},"b":{"0":[1,1],"1":[0,0],"2":[2,0],"3":[0,2],"4":[2,0],"5":[1,1],"6":[0,0],"7":[0,0],"8":[0,0],"9":[0,0],"10":[0,0],"11":[0,0]}}
,"C:\\Users\\Mindsalad\\repos\\cf9-backend\\src\\validators\\user.validator.ts": {"path":"C:\\Users\\Mindsalad\\repos\\cf9-backend\\src\\validators\\user.validator.ts","statementMap":{"0":{"start":{"line":1,"column":0},"end":{"line":1,"column":22}},"1":{"start":{"line":3,"column":13},"end":{"line":9,"column":null}},"2":{"start":{"line":11,"column":13},"end":{"line":14,"column":null}},"3":{"start":{"line":16,"column":13},"end":{"line":25,"column":null}},"4":{"start":{"line":27,"column":13},"end":{"line":27,"column":null}}},"fnMap":{},"branchMap":{},"s":{"0":1,"1":1,"2":1,"3":1,"4":1},"f":{},"b":{}}
}
