TN:
SF:src\controllers\user.controller.ts
FN:5,(anonymous_9)
FN:15,(anonymous_10)
FN:28,(anonymous_11)
FN:37,(anonymous_12)
FNF:4
FNH:2
FNDA:1,(anonymous_9)
FNDA:0,(anonymous_10)
FNDA:2,(anonymous_11)
FNDA:0,(anonymous_12)
DA:2,1
DA:5,1
DA:6,1
DA:7,1
DA:8,1
DA:10,0
DA:15,1
DA:16,0
DA:17,0
DA:18,0
DA:19,0
DA:20,0
DA:22,0
DA:24,0
DA:28,1
DA:29,2
DA:30,2
DA:31,1
DA:33,1
DA:37,1
DA:38,0
DA:39,0
DA:40,0
DA:41,0
DA:42,0
DA:43,0
DA:45,0
DA:47,0
LF:28
LH:12
BRDA:19,0,0,0
BRDA:19,0,1,0
BRDA:42,1,0,0
BRDA:42,1,1,0
BRF:4
BRH:0
end_of_record
TN:
SF:src\dao\user.dao.ts
FN:3,(anonymous_1)
FN:7,(anonymous_2)
FN:11,(anonymous_3)
FN:16,(anonymous_4)
FNF:4
FNH:2
FNDA:1,(anonymous_1)
FNDA:0,(anonymous_2)
FNDA:2,(anonymous_3)
FNDA:0,(anonymous_4)
DA:1,1
DA:3,1
DA:4,1
DA:7,1
DA:8,0
DA:11,1
DA:12,2
DA:13,2
DA:16,1
DA:17,0
LF:10
LH:8
BRF:0
BRH:0
end_of_record
TN:
SF:src\middlewares\auth.middleware.ts
FN:17,(anonymous_1)
FNF:1
FNH:1
FNDA:4,(anonymous_1)
DA:2,1
DA:3,1
DA:5,1
DA:15,1
DA:17,1
DA:18,4
DA:19,4
DA:20,0
DA:24,4
DA:27,4
DA:28,0
DA:31,4
DA:32,4
DA:34,4
DA:35,4
DA:36,4
DA:38,0
LF:17
LH:14
BRDA:15,0,0,1
BRDA:15,0,1,0
BRDA:19,1,0,0
BRDA:19,1,1,4
BRDA:19,2,0,4
BRDA:19,2,1,4
BRDA:27,3,0,0
BRDA:27,3,1,4
BRF:8
BRH:5
end_of_record
TN:
SF:src\middlewares\user.middleware.ts
FN:3,(anonymous_0)
FN:5,(anonymous_1)
FNF:2
FNH:2
FNDA:4,(anonymous_0)
FNDA:4,(anonymous_1)
DA:3,1
DA:4,4
DA:5,4
DA:6,4
DA:7,0
DA:9,4
DA:11,0
LF:7
LH:5
BRDA:5,0,0,4
BRDA:5,0,1,4
BRDA:6,1,0,0
BRDA:6,1,1,4
BRF:4
BRH:3
end_of_record
TN:
SF:src\middlewares\validate.middleware.ts
FN:5,(anonymous_0)
FN:6,(anonymous_1)
FNF:2
FNH:2
FNDA:1,(anonymous_0)
FNDA:4,(anonymous_1)
DA:5,1
DA:6,1
DA:7,4
DA:8,4
DA:13,4
DA:14,2
DA:16,2
LF:7
LH:7
BRDA:16,0,0,2
BRDA:16,0,1,2
BRF:2
BRH:2
end_of_record
TN:
SF:src\models\role.model.ts
FNF:0
FNH:0
DA:1,1
DA:10,1
DA:19,1
LF:3
LH:3
BRF:0
BRH:0
end_of_record
TN:
SF:src\models\user.model.ts
FNF:0
FNH:0
DA:1,1
DA:26,1
DA:31,1
DA:39,1
DA:58,1
LF:5
LH:5
BRF:0
BRH:0
end_of_record
TN:
SF:src\routes\user.routes.ts
FNF:0
FNH:0
DA:1,1
DA:2,1
DA:3,1
DA:4,1
DA:5,1
DA:6,1
DA:8,1
DA:20,1
DA:41,1
DA:73,1
DA:74,1
DA:78,1
LF:12
LH:12
BRF:0
BRH:0
end_of_record
TN:
SF:src\services\user.service.ts
FN:11,(anonymous_10)
FN:16,(anonymous_11)
FN:23,(anonymous_12)
FN:31,(anonymous_13)
FN:46,(anonymous_14)
FN:58,(anonymous_15)
FNF:6
FNH:2
FNDA:1,(anonymous_10)
FNDA:0,(anonymous_11)
FNDA:2,(anonymous_12)
FNDA:0,(anonymous_13)
FNDA:0,(anonymous_14)
FNDA:0,(anonymous_15)
DA:2,1
DA:3,1
DA:5,1
DA:7,1
DA:9,1
DA:11,1
DA:12,1
DA:13,1
DA:16,1
DA:17,0
DA:18,0
DA:19,0
DA:23,1
DA:24,2
DA:25,2
DA:26,2
DA:29,2
DA:30,2
DA:31,0
DA:33,2
DA:34,2
DA:35,1
DA:37,2
DA:42,2
DA:43,1
DA:46,1
DA:47,0
DA:49,0
DA:50,0
DA:51,0
DA:52,0
DA:53,0
DA:55,0
DA:56,0
DA:57,0
DA:58,0
DA:61,0
DA:62,0
LF:38
LH:22
BRDA:9,0,0,1
BRDA:9,0,1,1
BRDA:18,1,0,0
BRDA:18,1,1,0
BRDA:24,2,0,2
BRDA:24,2,1,0
BRDA:30,3,0,0
BRDA:30,3,1,2
BRDA:30,4,0,2
BRDA:30,4,1,0
BRDA:34,5,0,1
BRDA:34,5,1,1
BRDA:49,6,0,0
BRDA:49,6,1,0
BRDA:50,7,0,0
BRDA:50,7,1,0
BRDA:51,8,0,0
BRDA:51,8,1,0
BRDA:55,9,0,0
BRDA:55,9,1,0
BRDA:56,10,0,0
BRDA:56,10,1,0
BRDA:57,11,0,0
BRDA:57,11,1,0
BRF:24
BRH:7
end_of_record
TN:
SF:src\validators\user.validator.ts
FNF:0
FNH:0
DA:1,1
DA:3,1
DA:11,1
DA:16,1
DA:27,1
LF:5
LH:5
BRF:0
BRH:0
end_of_record
